# JRE version: OpenJDK Runtime Environment (8.0_202-b03) (build 1.8.0_202-release-1483-b03)
# Java VM: OpenJDK 64-Bit Server VM (25.202-b03 mixed mode windows-amd64 compressed oops)
Heap:
 PSYoungGen      total 385536K, used 194571K [0x00000000e0000000, 0x00000000f9c00000, 0x0000000100000000)
  eden space 352256K, 51% used [0x00000000e0000000,0x00000000eb013ff8,0x00000000f5800000)
  from space 33280K, 42% used [0x00000000f7b80000,0x00000000f896ee60,0x00000000f9c00000)
  to   space 34816K, 0% used [0x00000000f5800000,0x00000000f5800000,0x00000000f7a00000)
 ParOldGen       total 371200K, used 46753K [0x00000000a0000000, 0x00000000b6a80000, 0x00000000e0000000)
  object space 371200K, 12% used [0x00000000a0000000,0x00000000a2da8560,0x00000000b6a80000)
 Metaspace       used 101352K, capacity 109076K, committed 109388K, reserved 1144832K
  class space    used 12868K, capacity 14130K, committed 14196K, reserved 1048576K
GC Heap History (10 events):
Event: 5194.543 GC heap before
{Heap before GC invocations=42 (full 4):
 PSYoungGen      total 366592K, used 366433K [0x00000000e0000000, 0x00000000fa400000, 0x0000000100000000)
  eden space 350720K, 100% used [0x00000000e0000000,0x00000000f5680000,0x00000000f5680000)
  from space 15872K, 98% used [0x00000000f5680000,0x00000000f65d8508,0x00000000f6600000)
  to   space 39424K, 0% used [0x00000000f7d80000,0x00000000f7d80000,0x00000000fa400000)
 ParOldGen       total 371200K, used 42957K [0x00000000a0000000, 0x00000000b6a80000, 0x00000000e0000000)
  object space 371200K, 11% used [0x00000000a0000000,0x00000000a29f3508,0x00000000b6a80000)
 Metaspace       used 95514K, capacity 102532K, committed 103116K, reserved 1138688K
  class space    used 12167K, capacity 13326K, committed 13556K, reserved 1048576K
Event: 5194.555 GC heap after
Heap after GC invocations=42 (full 4):
 PSYoungGen      total 390656K, used 24175K [0x00000000e0000000, 0x00000000fa400000, 0x0000000100000000)
  eden space 351232K, 0% used [0x00000000e0000000,0x00000000e0000000,0x00000000f5700000)
  from space 39424K, 61% used [0x00000000f7d80000,0x00000000f951bc10,0x00000000fa400000)
  to   space 39424K, 0% used [0x00000000f5700000,0x00000000f5700000,0x00000000f7d80000)
 ParOldGen       total 371200K, used 42965K [0x00000000a0000000, 0x00000000b6a80000, 0x00000000e0000000)
  object space 371200K, 11% used [0x00000000a0000000,0x00000000a29f5508,0x00000000b6a80000)
 Metaspace       used 95514K, capacity 102532K, committed 103116K, reserved 1138688K
  class space    used 12167K, capacity 13326K, committed 13556K, reserved 1048576K
}
Event: 5241.117 GC heap before
{Heap before GC invocations=43 (full 4):
 PSYoungGen      total 390656K, used 375407K [0x00000000e0000000, 0x00000000fa400000, 0x0000000100000000)
  eden space 351232K, 100% used [0x00000000e0000000,0x00000000f5700000,0x00000000f5700000)
  from space 39424K, 61% used [0x00000000f7d80000,0x00000000f951bc10,0x00000000fa400000)
  to   space 39424K, 0% used [0x00000000f5700000,0x00000000f5700000,0x00000000f7d80000)
 ParOldGen       total 371200K, used 42965K [0x00000000a0000000, 0x00000000b6a80000, 0x00000000e0000000)
  object space 371200K, 11% used [0x00000000a0000000,0x00000000a29f5508,0x00000000b6a80000)
 Metaspace       used 95606K, capacity 102596K, committed 103116K, reserved 1138688K
  class space    used 12167K, capacity 13326K, committed 13556K, reserved 1048576K
Event: 5241.124 GC heap after
Heap after GC invocations=43 (full 4):
 PSYoungGen      total 390656K, used 10272K [0x00000000e0000000, 0x00000000fa380000, 0x0000000100000000)
  eden space 351232K, 0% used [0x00000000e0000000,0x00000000e0000000,0x00000000f5700000)
  from space 39424K, 26% used [0x00000000f5700000,0x00000000f6108070,0x00000000f7d80000)
  to   space 38912K, 0% used [0x00000000f7d80000,0x00000000f7d80000,0x00000000fa380000)
 ParOldGen       total 371200K, used 42973K [0x00000000a0000000, 0x00000000b6a80000, 0x00000000e0000000)
  object space 371200K, 11% used [0x00000000a0000000,0x00000000a29f7508,0x00000000b6a80000)
 Metaspace       used 95606K, capacity 102596K, committed 103116K, reserved 1138688K
  class space    used 12167K, capacity 13326K, committed 13556K, reserved 1048576K
}
Event: 5408.105 GC heap before
{Heap before GC invocations=44 (full 4):
 PSYoungGen      total 390656K, used 361504K [0x00000000e0000000, 0x00000000fa380000, 0x0000000100000000)
  eden space 351232K, 100% used [0x00000000e0000000,0x00000000f5700000,0x00000000f5700000)
  from space 39424K, 26% used [0x00000000f5700000,0x00000000f6108070,0x00000000f7d80000)
  to   space 38912K, 0% used [0x00000000f7d80000,0x00000000f7d80000,0x00000000fa380000)
 ParOldGen       total 371200K, used 42973K [0x00000000a0000000, 0x00000000b6a80000, 0x00000000e0000000)
  object space 371200K, 11% used [0x00000000a0000000,0x00000000a29f7508,0x00000000b6a80000)
 Metaspace       used 95658K, capacity 102728K, committed 103116K, reserved 1138688K
  class space    used 12167K, capacity 13326K, committed 13556K, reserved 1048576K
Event: 5408.117 GC heap after
Heap after GC invocations=44 (full 4):
 PSYoungGen      total 387584K, used 14689K [0x00000000e0000000, 0x00000000fa080000, 0x0000000100000000)
  eden space 351744K, 0% used [0x00000000e0000000,0x00000000e0000000,0x00000000f5780000)
  from space 35840K, 40% used [0x00000000f7d80000,0x00000000f8bd8528,0x00000000fa080000)
  to   space 37376K, 0% used [0x00000000f5780000,0x00000000f5780000,0x00000000f7c00000)
 ParOldGen       total 371200K, used 42973K [0x00000000a0000000, 0x00000000b6a80000, 0x00000000e0000000)
  object space 371200K, 11% used [0x00000000a0000000,0x00000000a29f7508,0x00000000b6a80000)
 Metaspace       used 95658K, capacity 102728K, committed 103116K, reserved 1138688K
  class space    used 12167K, capacity 13326K, committed 13556K, reserved 1048576K
}
Event: 5496.412 GC heap before
{Heap before GC invocations=45 (full 4):
 PSYoungGen      total 387584K, used 366433K [0x00000000e0000000, 0x00000000fa080000, 0x0000000100000000)
  eden space 351744K, 100% used [0x00000000e0000000,0x00000000f5780000,0x00000000f5780000)
  from space 35840K, 40% used [0x00000000f7d80000,0x00000000f8bd8528,0x00000000fa080000)
  to   space 37376K, 0% used [0x00000000f5780000,0x00000000f5780000,0x00000000f7c00000)
 ParOldGen       total 371200K, used 42973K [0x00000000a0000000, 0x00000000b6a80000, 0x00000000e0000000)
  object space 371200K, 11% used [0x00000000a0000000,0x00000000a29f7508,0x00000000b6a80000)
 Metaspace       used 95694K, capacity 102734K, committed 103116K, reserved 1138688K
  class space    used 12168K, capacity 13327K, committed 13556K, reserved 1048576K
Event: 5496.427 GC heap after
Heap after GC invocations=45 (full 4):
 PSYoungGen      total 366080K, used 14322K [0x00000000e0000000, 0x00000000f9f00000, 0x0000000100000000)
  eden space 351744K, 0% used [0x00000000e0000000,0x00000000e0000000,0x00000000f5780000)
  from space 14336K, 99% used [0x00000000f5780000,0x00000000f657c9a0,0x00000000f6580000)
  to   space 36352K, 0% used [0x00000000f7b80000,0x00000000f7b80000,0x00000000f9f00000)
 ParOldGen       total 371200K, used 46573K [0x00000000a0000000, 0x00000000b6a80000, 0x00000000e0000000)
  object space 371200K, 12% used [0x00000000a0000000,0x00000000a2d7b538,0x00000000b6a80000)
 Metaspace       used 95694K, capacity 102734K, committed 103116K, reserved 1138688K
  class space    used 12168K, capacity 13327K, committed 13556K, reserved 1048576K
}
Event: 6517.378 GC heap before
{Heap before GC invocations=46 (full 4):
 PSYoungGen      total 366080K, used 366066K [0x00000000e0000000, 0x00000000f9f00000, 0x0000000100000000)
  eden space 351744K, 100% used [0x00000000e0000000,0x00000000f5780000,0x00000000f5780000)
  from space 14336K, 99% used [0x00000000f5780000,0x00000000f657c9a0,0x00000000f6580000)
  to   space 36352K, 0% used [0x00000000f7b80000,0x00000000f7b80000,0x00000000f9f00000)
 ParOldGen       total 371200K, used 46573K [0x00000000a0000000, 0x00000000b6a80000, 0x00000000e0000000)
  object space 371200K, 12% used [0x00000000a0000000,0x00000000a2d7b538,0x00000000b6a80000)
 Metaspace       used 100804K, capacity 108284K, committed 108620K, reserved 1144832K
  class space    used 12795K, capacity 14027K, committed 14196K, reserved 1048576K
Event: 6517.390 GC heap after
Heap after GC invocations=46 (full 4):
 PSYoungGen      total 385536K, used 14267K [0x00000000e0000000, 0x00000000f9c00000, 0x0000000100000000)
  eden space 352256K, 0% used [0x00000000e0000000,0x00000000e0000000,0x00000000f5800000)
  from space 33280K, 42% used [0x00000000f7b80000,0x00000000f896ee60,0x00000000f9c00000)
  to   space 34816K, 0% used [0x00000000f5800000,0x00000000f5800000,0x00000000f7a00000)
 ParOldGen       total 371200K, used 46753K [0x00000000a0000000, 0x00000000b6a80000, 0x00000000e0000000)
  object space 371200K, 12% used [0x00000000a0000000,0x00000000a2da8560,0x00000000b6a80000)
 Metaspace       used 100804K, capacity 108284K, committed 108620K, reserved 1144832K
  class space    used 12795K, capacity 14027K, committed 14196K, reserved 1048576K
}

