# JRE version: OpenJDK Runtime Environment (8.0_202-b03) (build 1.8.0_202-release-1483-b03)
# Java VM: OpenJDK 64-Bit Server VM (25.202-b03 mixed mode windows-amd64 compressed oops)
Heap:
 PSYoungGen      total 368128K, used 52571K [0x00000000e0000000, 0x00000000ff900000, 0x0000000100000000)
  eden space 230400K, 21% used [0x00000000e0000000,0x00000000e3072338,0x00000000ee100000)
  from space 137728K, 2% used [0x00000000f7280000,0x00000000f7564970,0x00000000ff900000)
  to   space 143360K, 0% used [0x00000000ee100000,0x00000000ee100000,0x00000000f6d00000)
 ParOldGen       total 530944K, used 380451K [0x00000000a0000000, 0x00000000c0680000, 0x00000000e0000000)
  object space 530944K, 71% used [0x00000000a0000000,0x00000000b7388eb0,0x00000000c0680000)
 Metaspace       used 135998K, capacity 149662K, committed 149760K, reserved 1179648K
  class space    used 17561K, capacity 19674K, committed 19712K, reserved 1048576K
GC Heap History (10 events):
Event: 25436.308 GC heap before
{Heap before GC invocations=112 (full 6):
 PSYoungGen      total 387072K, used 387050K [0x00000000e0000000, 0x0000000100000000, 0x0000000100000000)
  eden space 249856K, 100% used [0x00000000e0000000,0x00000000ef400000,0x00000000ef400000)
  from space 137216K, 99% used [0x00000000ef400000,0x00000000f79fa8c0,0x00000000f7a00000)
  to   space 137216K, 0% used [0x00000000f7a00000,0x00000000f7a00000,0x0000000100000000)
 ParOldGen       total 530944K, used 332213K [0x00000000a0000000, 0x00000000c0680000, 0x00000000e0000000)
  object space 530944K, 62% used [0x00000000a0000000,0x00000000b446d7e8,0x00000000c0680000)
 Metaspace       used 134433K, capacity 147046K, committed 147072K, reserved 1177600K
  class space    used 17350K, capacity 19319K, committed 19328K, reserved 1048576K
Event: 25436.345 GC heap after
Heap after GC invocations=112 (full 6):
 PSYoungGen      total 343040K, used 43057K [0x00000000e0000000, 0x0000000100000000, 0x0000000100000000)
  eden space 205824K, 0% used [0x00000000e0000000,0x00000000e0000000,0x00000000ec900000)
  from space 137216K, 31% used [0x00000000f7a00000,0x00000000fa40c400,0x0000000100000000)
  to   space 159232K, 0% used [0x00000000ec900000,0x00000000ec900000,0x00000000f6480000)
 ParOldGen       total 530944K, used 333971K [0x00000000a0000000, 0x00000000c0680000, 0x00000000e0000000)
  object space 530944K, 62% used [0x00000000a0000000,0x00000000b4624d28,0x00000000c0680000)
 Metaspace       used 134433K, capacity 147046K, committed 147072K, reserved 1177600K
  class space    used 17350K, capacity 19319K, committed 19328K, reserved 1048576K
}
Event: 25446.204 GC heap before
{Heap before GC invocations=113 (full 6):
 PSYoungGen      total 343040K, used 248881K [0x00000000e0000000, 0x0000000100000000, 0x0000000100000000)
  eden space 205824K, 100% used [0x00000000e0000000,0x00000000ec900000,0x00000000ec900000)
  from space 137216K, 31% used [0x00000000f7a00000,0x00000000fa40c400,0x0000000100000000)
  to   space 159232K, 0% used [0x00000000ec900000,0x00000000ec900000,0x00000000f6480000)
 ParOldGen       total 530944K, used 333971K [0x00000000a0000000, 0x00000000c0680000, 0x00000000e0000000)
  object space 530944K, 62% used [0x00000000a0000000,0x00000000b4624d28,0x00000000c0680000)
 Metaspace       used 134811K, capacity 147748K, committed 147968K, reserved 1177600K
  class space    used 17414K, capacity 19434K, committed 19456K, reserved 1048576K
Event: 25446.232 GC heap after
Heap after GC invocations=113 (full 6):
 PSYoungGen      total 365056K, used 39188K [0x00000000e0000000, 0x0000000100000000, 0x0000000100000000)
  eden space 205824K, 0% used [0x00000000e0000000,0x00000000e0000000,0x00000000ec900000)
  from space 159232K, 24% used [0x00000000ec900000,0x00000000eef45348,0x00000000f6480000)
  to   space 152576K, 0% used [0x00000000f6b00000,0x00000000f6b00000,0x0000000100000000)
 ParOldGen       total 530944K, used 337027K [0x00000000a0000000, 0x00000000c0680000, 0x00000000e0000000)
  object space 530944K, 63% used [0x00000000a0000000,0x00000000b4920df0,0x00000000c0680000)
 Metaspace       used 134811K, capacity 147748K, committed 147968K, reserved 1177600K
  class space    used 17414K, capacity 19434K, committed 19456K, reserved 1048576K
}
Event: 25447.179 GC heap before
{Heap before GC invocations=114 (full 6):
 PSYoungGen      total 365056K, used 245012K [0x00000000e0000000, 0x0000000100000000, 0x0000000100000000)
  eden space 205824K, 100% used [0x00000000e0000000,0x00000000ec900000,0x00000000ec900000)
  from space 159232K, 24% used [0x00000000ec900000,0x00000000eef45348,0x00000000f6480000)
  to   space 152576K, 0% used [0x00000000f6b00000,0x00000000f6b00000,0x0000000100000000)
 ParOldGen       total 530944K, used 337027K [0x00000000a0000000, 0x00000000c0680000, 0x00000000e0000000)
  object space 530944K, 63% used [0x00000000a0000000,0x00000000b4920df0,0x00000000c0680000)
 Metaspace       used 134893K, capacity 147882K, committed 147968K, reserved 1177600K
  class space    used 17414K, capacity 19435K, committed 19456K, reserved 1048576K
Event: 25447.226 GC heap after
Heap after GC invocations=114 (full 6):
 PSYoungGen      total 351232K, used 20263K [0x00000000e0000000, 0x00000000ff280000, 0x0000000100000000)
  eden space 212480K, 0% used [0x00000000e0000000,0x00000000e0000000,0x00000000ecf80000)
  from space 138752K, 14% used [0x00000000f6b00000,0x00000000f7ec9cd0,0x00000000ff280000)
  to   space 148992K, 0% used [0x00000000ecf80000,0x00000000ecf80000,0x00000000f6100000)
 ParOldGen       total 530944K, used 371096K [0x00000000a0000000, 0x00000000c0680000, 0x00000000e0000000)
  object space 530944K, 69% used [0x00000000a0000000,0x00000000b6a66108,0x00000000c0680000)
 Metaspace       used 134893K, capacity 147882K, committed 147968K, reserved 1177600K
  class space    used 17414K, capacity 19435K, committed 19456K, reserved 1048576K
}
Event: 25447.657 GC heap before
{Heap before GC invocations=115 (full 6):
 PSYoungGen      total 351232K, used 232743K [0x00000000e0000000, 0x00000000ff280000, 0x0000000100000000)
  eden space 212480K, 100% used [0x00000000e0000000,0x00000000ecf80000,0x00000000ecf80000)
  from space 138752K, 14% used [0x00000000f6b00000,0x00000000f7ec9cd0,0x00000000ff280000)
  to   space 148992K, 0% used [0x00000000ecf80000,0x00000000ecf80000,0x00000000f6100000)
 ParOldGen       total 530944K, used 371096K [0x00000000a0000000, 0x00000000c0680000, 0x00000000e0000000)
  object space 530944K, 69% used [0x00000000a0000000,0x00000000b6a66108,0x00000000c0680000)
 Metaspace       used 134971K, capacity 147898K, committed 147968K, reserved 1177600K
  class space    used 17415K, capacity 19437K, committed 19456K, reserved 1048576K
Event: 25447.674 GC heap after
Heap after GC invocations=115 (full 6):
 PSYoungGen      total 361472K, used 21545K [0x00000000e0000000, 0x0000000100000000, 0x0000000100000000)
  eden space 212480K, 0% used [0x00000000e0000000,0x00000000e0000000,0x00000000ecf80000)
  from space 148992K, 14% used [0x00000000ecf80000,0x00000000ee48a7b0,0x00000000f6100000)
  to   space 144896K, 0% used [0x00000000f7280000,0x00000000f7280000,0x0000000100000000)
 ParOldGen       total 530944K, used 375231K [0x00000000a0000000, 0x00000000c0680000, 0x00000000e0000000)
  object space 530944K, 70% used [0x00000000a0000000,0x00000000b6e6fc30,0x00000000c0680000)
 Metaspace       used 134971K, capacity 147898K, committed 147968K, reserved 1177600K
  class space    used 17415K, capacity 19437K, committed 19456K, reserved 1048576K
}
Event: 27364.080 GC heap before
{Heap before GC invocations=116 (full 6):
 PSYoungGen      total 361472K, used 234025K [0x00000000e0000000, 0x0000000100000000, 0x0000000100000000)
  eden space 212480K, 100% used [0x00000000e0000000,0x00000000ecf80000,0x00000000ecf80000)
  from space 148992K, 14% used [0x00000000ecf80000,0x00000000ee48a7b0,0x00000000f6100000)
  to   space 144896K, 0% used [0x00000000f7280000,0x00000000f7280000,0x0000000100000000)
 ParOldGen       total 530944K, used 375231K [0x00000000a0000000, 0x00000000c0680000, 0x00000000e0000000)
  object space 530944K, 70% used [0x00000000a0000000,0x00000000b6e6fc30,0x00000000c0680000)
 Metaspace       used 135321K, capacity 148572K, committed 148864K, reserved 1179648K
  class space    used 17460K, capacity 19489K, committed 19584K, reserved 1048576K
Event: 27364.125 GC heap after
Heap after GC invocations=116 (full 6):
 PSYoungGen      total 368128K, used 2962K [0x00000000e0000000, 0x00000000ff900000, 0x0000000100000000)
  eden space 230400K, 0% used [0x00000000e0000000,0x00000000e0000000,0x00000000ee100000)
  from space 137728K, 2% used [0x00000000f7280000,0x00000000f7564970,0x00000000ff900000)
  to   space 143360K, 0% used [0x00000000ee100000,0x00000000ee100000,0x00000000f6d00000)
 ParOldGen       total 530944K, used 380451K [0x00000000a0000000, 0x00000000c0680000, 0x00000000e0000000)
  object space 530944K, 71% used [0x00000000a0000000,0x00000000b7388eb0,0x00000000c0680000)
 Metaspace       used 135321K, capacity 148572K, committed 148864K, reserved 1179648K
  class space    used 17460K, capacity 19489K, committed 19584K, reserved 1048576K
}

